{
    "/usr/src/app/utils/textAnalyzer.js": {
        "path": "/usr/src/app/utils/textAnalyzer.js",
        "statementMap": {
            "0": {
                "start": {
                    "line": 3,
                    "column": 4
                },
                "end": {
                    "line": 5,
                    "column": 16
                }
            },
            "1": {
                "start": {
                    "line": 6,
                    "column": 4
                },
                "end": {
                    "line": 6,
                    "column": 43
                }
            },
            "2": {
                "start": {
                    "line": 11,
                    "column": 4
                },
                "end": {
                    "line": 13,
                    "column": 16
                }
            },
            "3": {
                "start": {
                    "line": 14,
                    "column": 4
                },
                "end": {
                    "line": 14,
                    "column": 43
                }
            },
            "4": {
                "start": {
                    "line": 19,
                    "column": 22
                },
                "end": {
                    "line": 19,
                    "column": 88
                }
            },
            "5": {
                "start": {
                    "line": 19,
                    "column": 61
                },
                "end": {
                    "line": 19,
                    "column": 87
                }
            },
            "6": {
                "start": {
                    "line": 20,
                    "column": 4
                },
                "end": {
                    "line": 20,
                    "column": 28
                }
            },
            "7": {
                "start": {
                    "line": 24,
                    "column": 23
                },
                "end": {
                    "line": 24,
                    "column": 89
                }
            },
            "8": {
                "start": {
                    "line": 24,
                    "column": 61
                },
                "end": {
                    "line": 24,
                    "column": 88
                }
            },
            "9": {
                "start": {
                    "line": 25,
                    "column": 4
                },
                "end": {
                    "line": 25,
                    "column": 29
                }
            },
            "10": {
                "start": {
                    "line": 29,
                    "column": 18
                },
                "end": {
                    "line": 29,
                    "column": 35
                }
            },
            "11": {
                "start": {
                    "line": 30,
                    "column": 4
                },
                "end": {
                    "line": 32,
                    "column": 11
                }
            },
            "12": {
                "start": {
                    "line": 31,
                    "column": 8
                },
                "end": {
                    "line": 31,
                    "column": 67
                }
            },
            "13": {
                "start": {
                    "line": 35,
                    "column": 0
                },
                "end": {
                    "line": 41,
                    "column": 2
                }
            }
        },
        "fnMap": {
            "0": {
                "name": "countWords",
                "decl": {
                    "start": {
                        "line": 2,
                        "column": 9
                    },
                    "end": {
                        "line": 2,
                        "column": 19
                    }
                },
                "loc": {
                    "start": {
                        "line": 2,
                        "column": 26
                    },
                    "end": {
                        "line": 7,
                        "column": 1
                    }
                },
                "line": 2
            },
            "1": {
                "name": "countCharacters",
                "decl": {
                    "start": {
                        "line": 10,
                        "column": 9
                    },
                    "end": {
                        "line": 10,
                        "column": 24
                    }
                },
                "loc": {
                    "start": {
                        "line": 10,
                        "column": 31
                    },
                    "end": {
                        "line": 15,
                        "column": 1
                    }
                },
                "line": 10
            },
            "2": {
                "name": "countSentences",
                "decl": {
                    "start": {
                        "line": 18,
                        "column": 9
                    },
                    "end": {
                        "line": 18,
                        "column": 23
                    }
                },
                "loc": {
                    "start": {
                        "line": 18,
                        "column": 30
                    },
                    "end": {
                        "line": 21,
                        "column": 1
                    }
                },
                "line": 18
            },
            "3": {
                "name": "(anonymous_3)",
                "decl": {
                    "start": {
                        "line": 19,
                        "column": 49
                    },
                    "end": {
                        "line": 19,
                        "column": 50
                    }
                },
                "loc": {
                    "start": {
                        "line": 19,
                        "column": 61
                    },
                    "end": {
                        "line": 19,
                        "column": 87
                    }
                },
                "line": 19
            },
            "4": {
                "name": "countParagraphs",
                "decl": {
                    "start": {
                        "line": 23,
                        "column": 9
                    },
                    "end": {
                        "line": 23,
                        "column": 24
                    }
                },
                "loc": {
                    "start": {
                        "line": 23,
                        "column": 31
                    },
                    "end": {
                        "line": 26,
                        "column": 1
                    }
                },
                "line": 23
            },
            "5": {
                "name": "(anonymous_5)",
                "decl": {
                    "start": {
                        "line": 24,
                        "column": 48
                    },
                    "end": {
                        "line": 24,
                        "column": 49
                    }
                },
                "loc": {
                    "start": {
                        "line": 24,
                        "column": 61
                    },
                    "end": {
                        "line": 24,
                        "column": 88
                    }
                },
                "line": 24
            },
            "6": {
                "name": "findLongestWord",
                "decl": {
                    "start": {
                        "line": 28,
                        "column": 9
                    },
                    "end": {
                        "line": 28,
                        "column": 24
                    }
                },
                "loc": {
                    "start": {
                        "line": 28,
                        "column": 31
                    },
                    "end": {
                        "line": 33,
                        "column": 1
                    }
                },
                "line": 28
            },
            "7": {
                "name": "(anonymous_7)",
                "decl": {
                    "start": {
                        "line": 30,
                        "column": 24
                    },
                    "end": {
                        "line": 30,
                        "column": 25
                    }
                },
                "loc": {
                    "start": {
                        "line": 30,
                        "column": 46
                    },
                    "end": {
                        "line": 32,
                        "column": 5
                    }
                },
                "line": 30
            }
        },
        "branchMap": {
            "0": {
                "loc": {
                    "start": {
                        "line": 31,
                        "column": 15
                    },
                    "end": {
                        "line": 31,
                        "column": 66
                    }
                },
                "type": "cond-expr",
                "locations": [
                    {
                        "start": {
                            "line": 31,
                            "column": 49
                        },
                        "end": {
                            "line": 31,
                            "column": 56
                        }
                    },
                    {
                        "start": {
                            "line": 31,
                            "column": 59
                        },
                        "end": {
                            "line": 31,
                            "column": 66
                        }
                    }
                ],
                "line": 31
            }
        },
        "s": {
            "0": 0,
            "1": 0,
            "2": 0,
            "3": 0,
            "4": 0,
            "5": 0,
            "6": 0,
            "7": 0,
            "8": 0,
            "9": 0,
            "10": 0,
            "11": 0,
            "12": 0,
            "13": 1
        },
        "f": {
            "0": 0,
            "1": 0,
            "2": 0,
            "3": 0,
            "4": 0,
            "5": 0,
            "6": 0,
            "7": 0
        },
        "b": {
            "0": [
                0,
                0
            ]
        },
        "_coverageSchema": "1a1c01bbd47fc00a2c39e90264f33305004495a9",
        "hash": "84d55167c26651ecafca922c6a0f7294b2741d57"
    }
}