{
    "/usr/src/app/utils/textAnalyzer.js": {
        "path": "/usr/src/app/utils/textAnalyzer.js",
        "statementMap": {
            "0": {
                "start": {
                    "line": 3,
                    "column": 4
                },
                "end": {
                    "line": 5,
                    "column": 16
                }
            },
            "1": {
                "start": {
                    "line": 6,
                    "column": 4
                },
                "end": {
                    "line": 6,
                    "column": 43
                }
            },
            "2": {
                "start": {
                    "line": 9,
                    "column": 0
                },
                "end": {
                    "line": 11,
                    "column": 2
                }
            }
        },
        "fnMap": {
            "0": {
                "name": "countWords",
                "decl": {
                    "start": {
                        "line": 2,
                        "column": 9
                    },
                    "end": {
                        "line": 2,
                        "column": 19
                    }
                },
                "loc": {
                    "start": {
                        "line": 2,
                        "column": 26
                    },
                    "end": {
                        "line": 7,
                        "column": 1
                    }
                },
                "line": 2
            }
        },
        "branchMap": {},
        "s": {
            "0": 0,
            "1": 0,
            "2": 1
        },
        "f": {
            "0": 0
        },
        "b": {},
        "_coverageSchema": "1a1c01bbd47fc00a2c39e90264f33305004495a9",
        "hash": "192987ad05982354463dbfe87223790cfe9ccc88"
    }
}